Using pre-set license
Built from '2021.1/staging' branch; Version is '2021.1.5f1 (3737af19df53) revision 3618735'; Using compiler version '192528614'; Build Type 'Release'
OS: 'Windows 10 Pro; OS build 19042.1237; Version 2009; 64bit' Language: 'es' Physical Memory: 16294 MB
BatchMode: 1, IsHumanControllingUs: 0, StartBugReporterOnCrash: 0, Is64bit: 1, IsPro: 0

 COMMAND LINE ARGUMENTS:
C:\Program Files\Unity\Hub\Editor\2021.1.5f1\Editor\Unity.exe
-adb2
-batchMode
-noUpm
-name
AssetImportWorker0
-projectPath
C:/Users/guill/Juegos/tuViellaDefense
-logFile
Logs/AssetImportWorker0.log
-srvPort
62875
Successfully changed project path to: C:/Users/guill/Juegos/tuViellaDefense
C:/Users/guill/Juegos/tuViellaDefense
Using Asset Import Pipeline V2.
Refreshing native plugins compatible for Editor in 61.70 ms, found 1 plugins.
Preloading 0 native plugins for Editor in 0.00 ms.
Initialize engine version: 2021.1.5f1 (3737af19df53)
[Subsystems] Discovering subsystems at path C:/Program Files/Unity/Hub/Editor/2021.1.5f1/Editor/Data/Resources/UnitySubsystems
[Subsystems] Discovering subsystems at path C:/Users/guill/Juegos/tuViellaDefense/Assets
GfxDevice: creating device client; threaded=0; jobified=0
Direct3D:
    Version:  Direct3D 11.0 [level 11.1]
    Renderer: NVIDIA GeForce RTX 3060 (ID=0x2504)
    Vendor:   NVIDIA
    VRAM:     12143 MB
    Driver:   30.0.14.7168
Initialize mono
Mono path[0] = 'C:/Program Files/Unity/Hub/Editor/2021.1.5f1/Editor/Data/Managed'
Mono path[1] = 'C:/Program Files/Unity/Hub/Editor/2021.1.5f1/Editor/Data/MonoBleedingEdge/lib/mono/unityjit'
Mono config path = 'C:/Program Files/Unity/Hub/Editor/2021.1.5f1/Editor/Data/MonoBleedingEdge/etc'
Using monoOptions --debugger-agent=transport=dt_socket,embedding=1,server=y,suspend=n,address=127.0.0.1:56276
Begin MonoManager ReloadAssembly
Registering precompiled unity dll's ...
Register platform support module: C:/Program Files/Unity/Hub/Editor/2021.1.5f1/Editor/Data/PlaybackEngines/WindowsStandaloneSupport/UnityEditor.WindowsStandalone.Extensions.dll
Registered in 0.001458 seconds.
Native extension for WindowsStandalone target not found
Refreshing native plugins compatible for Editor in 64.46 ms, found 1 plugins.
Preloading 0 native plugins for Editor in 0.00 ms.
Mono: successfully reloaded assembly
- Completed reload, in  0.890 seconds
Platform modules already initialized, skipping
Registering precompiled user dll's ...
Registered in 0.002321 seconds.
Begin MonoManager ReloadAssembly
Native extension for WindowsStandalone target not found
Refreshing native plugins compatible for Editor in 0.45 ms, found 1 plugins.
Preloading 0 native plugins for Editor in 0.00 ms.
Mono: successfully reloaded assembly
- Completed reload, in  0.743 seconds
Platform modules already initialized, skipping
========================================================================
Worker process is ready to serve import requests
Launched and connected shader compiler UnityShaderCompiler.exe after 0.03 seconds
Refreshing native plugins compatible for Editor in 0.47 ms, found 1 plugins.
Preloading 0 native plugins for Editor in 0.00 ms.
Unloading 2682 Unused Serialized files (Serialized files now loaded: 0)
System memory in use before: 99.2 MB.
System memory in use after: 99.4 MB.

Unloading 15 unused Assets to reduce memory usage. Loaded Objects now: 3137.
Total: 1.792400 ms (FindLiveObjects: 0.211400 ms CreateObjectMapping: 0.116000 ms MarkObjects: 1.410000 ms  DeleteObjects: 0.054300 ms)

========================================================================
Received Import Request.
  path: Assets/Elizabeth Warren caricature/Mecanim Elizabeth Warren rigged 1.fbx
  artifactKey: Guid(1f078c7471488dc48ab38935b3e2f3e8) Importer(815301076,1909f56bfc062723c751e8b465ee728b)
Start importing Assets/Elizabeth Warren caricature/Mecanim Elizabeth Warren rigged 1.fbx using Guid(1f078c7471488dc48ab38935b3e2f3e8) Importer(815301076,1909f56bfc062723c751e8b465ee728b)  -> (artifact id: '239ad32f99c86958473a63fb21e4182b') in 0.178339 seconds 
========================================================================
Received Import Request.
  Time since last request: 0.000135 seconds.
  path: Assets/Prefabs/Build Effect.prefab
  artifactKey: Guid(333533c80f940d440b98e0036f8fd906) Importer(815301076,1909f56bfc062723c751e8b465ee728b)
Start importing Assets/Prefabs/Build Effect.prefab using Guid(333533c80f940d440b98e0036f8fd906) Importer(815301076,1909f56bfc062723c751e8b465ee728b)  -> (artifact id: '579a99966b0ca325cd636ebb60235c2d') in 0.012145 seconds 
========================================================================
Received Import Request.
  Time since last request: 0.000140 seconds.
  path: Assets/Prefabs/EnemyDeathEffect.prefab
  artifactKey: Guid(c71bcfcd097e346419b705eceb52e56c) Importer(815301076,1909f56bfc062723c751e8b465ee728b)
Start importing Assets/Prefabs/EnemyDeathEffect.prefab using Guid(c71bcfcd097e346419b705eceb52e56c) Importer(815301076,1909f56bfc062723c751e8b465ee728b)  -> (artifact id: 'e1aada44b9d2c7f800e1f413c8ecb074') in 0.007598 seconds 
========================================================================
Received Import Request.
  Time since last request: 0.000142 seconds.
  path: Assets/Prefabs/Elizabeth Warren rigged.prefab
  artifactKey: Guid(f0e94d24372a72e4f8c5131b4f0d5376) Importer(815301076,1909f56bfc062723c751e8b465ee728b)
Start importing Assets/Prefabs/Elizabeth Warren rigged.prefab using Guid(f0e94d24372a72e4f8c5131b4f0d5376) Importer(815301076,1909f56bfc062723c751e8b465ee728b)  -> (artifact id: 'a2b2f2be2ca864beb5a8d7b17d3dc16f') in 0.031122 seconds 
========================================================================
Received Import Request.
  Time since last request: 0.000135 seconds.
  path: Assets/Prefabs/ShopTurretItem.prefab
  artifactKey: Guid(914af0908c4a7f546aff95c575eb0981) Importer(815301076,1909f56bfc062723c751e8b465ee728b)
Start importing Assets/Prefabs/ShopTurretItem.prefab using Guid(914af0908c4a7f546aff95c575eb0981) Importer(815301076,1909f56bfc062723c751e8b465ee728b)  -> (artifact id: '811a260bf55f087a40da72fb1a5b2982') in 0.018647 seconds 
========================================================================
Received Import Request.
  Time since last request: 0.000111 seconds.
  path: Assets/Prefabs/Bullet.prefab
  artifactKey: Guid(dc85ca059f467964eac07a6b4a644580) Importer(815301076,1909f56bfc062723c751e8b465ee728b)
Start importing Assets/Prefabs/Bullet.prefab using Guid(dc85ca059f467964eac07a6b4a644580) Importer(815301076,1909f56bfc062723c751e8b465ee728b)  -> (artifact id: 'e8208a10403a79aeff4bfcf36d756087') in 0.010712 seconds 
========================================================================
Received Import Request.
  Time since last request: 0.000124 seconds.
  path: Assets/Prefabs/Bullet -Upgrade 1.prefab
  artifactKey: Guid(dc91954009a30ac42b54d212a38ee520) Importer(815301076,1909f56bfc062723c751e8b465ee728b)
Start importing Assets/Prefabs/Bullet -Upgrade 1.prefab using Guid(dc91954009a30ac42b54d212a38ee520) Importer(815301076,1909f56bfc062723c751e8b465ee728b)  -> (artifact id: '37be2ebe44b20f9f3c3e916ba924c863') in 0.009788 seconds 
========================================================================
Received Import Request.
  Time since last request: 0.000161 seconds.
  path: Assets/Prefabs/Enemy.prefab
  artifactKey: Guid(a2320ce011c7db14293f61d7a7f268e4) Importer(815301076,1909f56bfc062723c751e8b465ee728b)
Start importing Assets/Prefabs/Enemy.prefab using Guid(a2320ce011c7db14293f61d7a7f268e4) Importer(815301076,1909f56bfc062723c751e8b465ee728b)  -> (artifact id: 'a625d407ad5ba316d5985c545fada3d3') in 0.012619 seconds 
========================================================================
Received Import Request.
  Time since last request: 0.000119 seconds.
  path: Assets/Prefabs/Node.prefab
  artifactKey: Guid(1de8ed0bf827cab4c9151ce9aa5af12c) Importer(815301076,1909f56bfc062723c751e8b465ee728b)
Start importing Assets/Prefabs/Node.prefab using Guid(1de8ed0bf827cab4c9151ce9aa5af12c) Importer(815301076,1909f56bfc062723c751e8b465ee728b)  -> (artifact id: '5edb7c16bd0c59fc1ab3001ccbf8a21a') in 0.008822 seconds 
========================================================================
Received Import Request.
  Time since last request: 0.000146 seconds.
  path: Assets/Prefabs/NodeUI.prefab
  artifactKey: Guid(7804b004b87958b489ffcefe72535153) Importer(815301076,1909f56bfc062723c751e8b465ee728b)
Start importing Assets/Prefabs/NodeUI.prefab using Guid(7804b004b87958b489ffcefe72535153) Importer(815301076,1909f56bfc062723c751e8b465ee728b)  -> (artifact id: '9735eded3b6702a9100a7e1fc5091a12') in 0.010846 seconds 
========================================================================
Received Import Request.
  Time since last request: 0.000113 seconds.
  path: Assets/Prefabs/Ground.prefab
  artifactKey: Guid(a99db57912c23cb4f9c39f8395bd851d) Importer(815301076,1909f56bfc062723c751e8b465ee728b)
Start importing Assets/Prefabs/Ground.prefab using Guid(a99db57912c23cb4f9c39f8395bd851d) Importer(815301076,1909f56bfc062723c751e8b465ee728b)  -> (artifact id: '99bfb4b976f17faccc5d53f6cef4f009') in 0.011150 seconds 
========================================================================
Received Import Request.
  Time since last request: 0.000116 seconds.
  path: Assets/Elizabeth Warren caricature/Elizabeth Warren rigged.fbx
  artifactKey: Guid(cc3c26aad252b7f42a9e844aff96ef79) Importer(815301076,1909f56bfc062723c751e8b465ee728b)
Start importing Assets/Elizabeth Warren caricature/Elizabeth Warren rigged.fbx using Guid(cc3c26aad252b7f42a9e844aff96ef79) Importer(815301076,1909f56bfc062723c751e8b465ee728b)  -> (artifact id: '6daff7d9ac073940010e9107c24115d0') in 0.049234 seconds 
========================================================================
Received Import Request.
  Time since last request: 0.000110 seconds.
  path: Assets/Prefabs/Waypoint.prefab
  artifactKey: Guid(bdb4575f332fc994cbbf9cf2d9217544) Importer(815301076,1909f56bfc062723c751e8b465ee728b)
Start importing Assets/Prefabs/Waypoint.prefab using Guid(bdb4575f332fc994cbbf9cf2d9217544) Importer(815301076,1909f56bfc062723c751e8b465ee728b)  -> (artifact id: 'a61918b1fbe338da65b6a2896d215566') in 0.005961 seconds 
========================================================================
Received Import Request.
  Time since last request: 0.000158 seconds.
  path: Assets/Prefabs/Bullet Impact Effect 1.prefab
  artifactKey: Guid(005f26b581dce35439db58183310689b) Importer(815301076,1909f56bfc062723c751e8b465ee728b)
Start importing Assets/Prefabs/Bullet Impact Effect 1.prefab using Guid(005f26b581dce35439db58183310689b) Importer(815301076,1909f56bfc062723c751e8b465ee728b)  -> (artifact id: '442a4edbc2945b902beb64dace413f36') in 0.006813 seconds 
========================================================================
Received Prepare
Registering precompiled user dll's ...
Registered in 0.003384 seconds.
Begin MonoManager ReloadAssembly
Native extension for WindowsStandalone target not found
Refreshing native plugins compatible for Editor in 0.52 ms, found 1 plugins.
Preloading 0 native plugins for Editor in 0.00 ms.
Mono: successfully reloaded assembly
- Completed reload, in  1.330 seconds
Platform modules already initialized, skipping
Refreshing native plugins compatible for Editor in 0.52 ms, found 1 plugins.
Preloading 0 native plugins for Editor in 0.00 ms.
Unloading 3068 Unused Serialized files (Serialized files now loaded: 0)
System memory in use before: 138.3 MB.
System memory in use after: 138.4 MB.

Unloading 17 unused Assets to reduce memory usage. Loaded Objects now: 3543.
Total: 2.172600 ms (FindLiveObjects: 0.270800 ms CreateObjectMapping: 0.193600 ms MarkObjects: 1.624200 ms  DeleteObjects: 0.083000 ms)

========================================================================
Received Import Request.
  Time since last request: 1189.146069 seconds.
  path: Packages/com.unity.animation.rigging/Editor/Shapes/BallEffector.asset
  artifactKey: Guid(e050c2b16fe384bd994474655a4b4968) Importer(815301076,1909f56bfc062723c751e8b465ee728b)
Start importing Packages/com.unity.animation.rigging/Editor/Shapes/BallEffector.asset using Guid(e050c2b16fe384bd994474655a4b4968) Importer(815301076,1909f56bfc062723c751e8b465ee728b)  -> (artifact id: 'c0d33717042372f07f2793c4d79945c5') in 0.067796 seconds 
========================================================================
Received Import Request.
  Time since last request: 0.000133 seconds.
  path: Packages/com.unity.animation.rigging/Editor/Shapes/LocatorEffector.asset
  artifactKey: Guid(c6793350c150f456688e39a81f97364a) Importer(815301076,1909f56bfc062723c751e8b465ee728b)
Start importing Packages/com.unity.animation.rigging/Editor/Shapes/LocatorEffector.asset using Guid(c6793350c150f456688e39a81f97364a) Importer(815301076,1909f56bfc062723c751e8b465ee728b)  -> (artifact id: '34b93e84fa023610737c6d650447f326') in 0.010234 seconds 
========================================================================
Received Import Request.
  Time since last request: 0.000149 seconds.
  path: Packages/com.unity.animation.rigging/Editor/Shapes/CircleEffector.asset
  artifactKey: Guid(b43e6ef97ee1b4e31be1a0187b9f4495) Importer(815301076,1909f56bfc062723c751e8b465ee728b)
Start importing Packages/com.unity.animation.rigging/Editor/Shapes/CircleEffector.asset using Guid(b43e6ef97ee1b4e31be1a0187b9f4495) Importer(815301076,1909f56bfc062723c751e8b465ee728b)  -> (artifact id: '76936680b9731dbf2cdd585408e11da2') in 0.010551 seconds 
========================================================================
Received Import Request.
  Time since last request: 0.000172 seconds.
  path: Packages/com.unity.animation.rigging/Editor/Shapes/SquareEffector.asset
  artifactKey: Guid(707439f5f179a460987ecbb96364c8a9) Importer(815301076,1909f56bfc062723c751e8b465ee728b)
Start importing Packages/com.unity.animation.rigging/Editor/Shapes/SquareEffector.asset using Guid(707439f5f179a460987ecbb96364c8a9) Importer(815301076,1909f56bfc062723c751e8b465ee728b)  -> (artifact id: 'e4cec02cc8739780e2614d994c550d71') in 0.010687 seconds 
========================================================================
Received Import Request.
  Time since last request: 0.000145 seconds.
  path: Packages/com.unity.animation.rigging/Editor/Shapes/BoxEffector.asset
  artifactKey: Guid(687b70eb9c49243639f9379f6965034f) Importer(815301076,1909f56bfc062723c751e8b465ee728b)
Start importing Packages/com.unity.animation.rigging/Editor/Shapes/BoxEffector.asset using Guid(687b70eb9c49243639f9379f6965034f) Importer(815301076,1909f56bfc062723c751e8b465ee728b)  -> (artifact id: '3de7825b38869ceebf9d08451ee7fad3') in 0.009366 seconds 
========================================================================
Received Prepare
Registering precompiled user dll's ...
Registered in 0.002613 seconds.
Begin MonoManager ReloadAssembly
Native extension for WindowsStandalone target not found
Refreshing native plugins compatible for Editor in 0.52 ms, found 1 plugins.
Preloading 0 native plugins for Editor in 0.00 ms.
Mono: successfully reloaded assembly
- Completed reload, in  0.795 seconds
Platform modules already initialized, skipping
Refreshing native plugins compatible for Editor in 0.84 ms, found 1 plugins.
Preloading 0 native plugins for Editor in 0.00 ms.
Unloading 3068 Unused Serialized files (Serialized files now loaded: 0)
System memory in use before: 138.3 MB.
System memory in use after: 138.5 MB.

Unloading 13 unused Assets to reduce memory usage. Loaded Objects now: 3547.
Total: 2.416500 ms (FindLiveObjects: 0.240800 ms CreateObjectMapping: 0.130200 ms MarkObjects: 1.985900 ms  DeleteObjects: 0.059100 ms)

========================================================================
Received Prepare
Registering precompiled user dll's ...
Registered in 0.002584 seconds.
Begin MonoManager ReloadAssembly
Native extension for WindowsStandalone target not found
Refreshing native plugins compatible for Editor in 0.54 ms, found 1 plugins.
Preloading 0 native plugins for Editor in 0.00 ms.
Mono: successfully reloaded assembly
- Completed reload, in  0.791 seconds
Platform modules already initialized, skipping
Refreshing native plugins compatible for Editor in 0.52 ms, found 1 plugins.
Preloading 0 native plugins for Editor in 0.00 ms.
Unloading 3068 Unused Serialized files (Serialized files now loaded: 0)
System memory in use before: 138.3 MB.
System memory in use after: 138.5 MB.

Unloading 13 unused Assets to reduce memory usage. Loaded Objects now: 3550.
Total: 2.486100 ms (FindLiveObjects: 0.252700 ms CreateObjectMapping: 0.134600 ms MarkObjects: 2.037000 ms  DeleteObjects: 0.061000 ms)

========================================================================
Received Prepare
Registering precompiled user dll's ...
Registered in 0.002652 seconds.
Begin MonoManager ReloadAssembly
Native extension for WindowsStandalone target not found
Refreshing native plugins compatible for Editor in 0.50 ms, found 1 plugins.
Preloading 0 native plugins for Editor in 0.00 ms.
Mono: successfully reloaded assembly
- Completed reload, in  0.794 seconds
Platform modules already initialized, skipping
Refreshing native plugins compatible for Editor in 0.50 ms, found 1 plugins.
Preloading 0 native plugins for Editor in 0.00 ms.
Unloading 3068 Unused Serialized files (Serialized files now loaded: 0)
System memory in use before: 138.4 MB.
System memory in use after: 138.5 MB.

Unloading 13 unused Assets to reduce memory usage. Loaded Objects now: 3553.
Total: 2.485900 ms (FindLiveObjects: 0.231100 ms CreateObjectMapping: 0.122600 ms MarkObjects: 2.070600 ms  DeleteObjects: 0.060800 ms)

========================================================================
Received Prepare
Registering precompiled user dll's ...
Registered in 0.002658 seconds.
Begin MonoManager ReloadAssembly
Native extension for WindowsStandalone target not found
Refreshing native plugins compatible for Editor in 0.51 ms, found 1 plugins.
Preloading 0 native plugins for Editor in 0.00 ms.
Mono: successfully reloaded assembly
- Completed reload, in  0.779 seconds
Platform modules already initialized, skipping
Refreshing native plugins compatible for Editor in 0.51 ms, found 1 plugins.
Preloading 0 native plugins for Editor in 0.00 ms.
Unloading 3068 Unused Serialized files (Serialized files now loaded: 0)
System memory in use before: 138.4 MB.
System memory in use after: 138.5 MB.

Unloading 13 unused Assets to reduce memory usage. Loaded Objects now: 3556.
Total: 2.112400 ms (FindLiveObjects: 0.220700 ms CreateObjectMapping: 0.146200 ms MarkObjects: 1.691100 ms  DeleteObjects: 0.053600 ms)

========================================================================
Received Prepare
Registering precompiled user dll's ...
Registered in 0.002636 seconds.
Begin MonoManager ReloadAssembly
Native extension for WindowsStandalone target not found
Refreshing native plugins compatible for Editor in 0.54 ms, found 1 plugins.
Preloading 0 native plugins for Editor in 0.00 ms.
Mono: successfully reloaded assembly
- Completed reload, in  0.803 seconds
Platform modules already initialized, skipping
Refreshing native plugins compatible for Editor in 0.54 ms, found 1 plugins.
Preloading 0 native plugins for Editor in 0.00 ms.
Unloading 3068 Unused Serialized files (Serialized files now loaded: 0)
System memory in use before: 138.4 MB.
System memory in use after: 138.5 MB.

Unloading 13 unused Assets to reduce memory usage. Loaded Objects now: 3559.
Total: 2.581900 ms (FindLiveObjects: 0.273500 ms CreateObjectMapping: 0.218800 ms MarkObjects: 2.011800 ms  DeleteObjects: 0.076800 ms)

========================================================================
Received Import Request.
  Time since last request: 2497.602900 seconds.
  path: Assets/Elizabeth Warren caricature/animation/New Animator Controller.controller
  artifactKey: Guid(6ffd0893bd39fad41bf26cad38f60bba) Importer(815301076,1909f56bfc062723c751e8b465ee728b)
Start importing Assets/Elizabeth Warren caricature/animation/New Animator Controller.controller using Guid(6ffd0893bd39fad41bf26cad38f60bba) Importer(815301076,1909f56bfc062723c751e8b465ee728b)  -> (artifact id: 'a7367576d9d0f02d162fda7dc4a34fc6') in 0.026376 seconds 
========================================================================
Received Import Request.
  Time since last request: 13.645173 seconds.
  path: Assets/Kevin Iglesias/Basic Motions
  artifactKey: Guid(2cb279c410b7a3e4dbf4aab42283effa) Importer(815301076,1909f56bfc062723c751e8b465ee728b)
Start importing Assets/Kevin Iglesias/Basic Motions using Guid(2cb279c410b7a3e4dbf4aab42283effa) Importer(815301076,1909f56bfc062723c751e8b465ee728b)  -> (artifact id: 'b8e576ef97b26abf89e199dd7b892e27') in 0.005321 seconds 
========================================================================
Received Import Request.
  Time since last request: 1.444671 seconds.
  path: Assets/Kevin Iglesias/Basic Motions/Animations
  artifactKey: Guid(7eb11f9df068c2b45bc52cfc0d6e3f25) Importer(815301076,1909f56bfc062723c751e8b465ee728b)
Start importing Assets/Kevin Iglesias/Basic Motions/Animations using Guid(7eb11f9df068c2b45bc52cfc0d6e3f25) Importer(815301076,1909f56bfc062723c751e8b465ee728b)  -> (artifact id: 'b64db3196c89a4c0679f4d08a0d41deb') in 0.004931 seconds 
========================================================================
Received Import Request.
  Time since last request: 1.506418 seconds.
  path: Assets/Kevin Iglesias/Basic Motions/Animations/Idles
  artifactKey: Guid(99b531c8964d97245a8f67495e2a1a95) Importer(815301076,1909f56bfc062723c751e8b465ee728b)
Start importing Assets/Kevin Iglesias/Basic Motions/Animations/Idles using Guid(99b531c8964d97245a8f67495e2a1a95) Importer(815301076,1909f56bfc062723c751e8b465ee728b)  -> (artifact id: '0cb614fcbdc851d950ae5b7bde250f6b') in 0.005518 seconds 
========================================================================
Received Import Request.
  Time since last request: 0.755986 seconds.
  path: Assets/Kevin Iglesias/Basic Motions/Animations/Idles/BasicMotions@Idle01.fbx
  artifactKey: Guid(a3422ad278cd9a94aa3da8e6bff9deea) Importer(815301076,1909f56bfc062723c751e8b465ee728b)
Start importing Assets/Kevin Iglesias/Basic Motions/Animations/Idles/BasicMotions@Idle01.fbx using Guid(a3422ad278cd9a94aa3da8e6bff9deea) Importer(815301076,1909f56bfc062723c751e8b465ee728b)  -> (artifact id: '82d4ed4420c64477bee55bfcee1992ab') in 0.019603 seconds 
========================================================================
Received Import Request.
  Time since last request: 0.000230 seconds.
  path: Assets/Kevin Iglesias/Basic Motions/Animations/Idles/BasicMotions@Idle02.fbx
  artifactKey: Guid(69d59c13a83a7c74a8cc0607ded391ec) Importer(815301076,1909f56bfc062723c751e8b465ee728b)
Start importing Assets/Kevin Iglesias/Basic Motions/Animations/Idles/BasicMotions@Idle02.fbx using Guid(69d59c13a83a7c74a8cc0607ded391ec) Importer(815301076,1909f56bfc062723c751e8b465ee728b)  -> (artifact id: '0083d6e1a931f293baaf9907dcd0915f') in 0.009575 seconds 
========================================================================
Received Prepare
Registering precompiled user dll's ...
Registered in 0.002672 seconds.
Begin MonoManager ReloadAssembly
Native extension for WindowsStandalone target not found
Refreshing native plugins compatible for Editor in 0.51 ms, found 1 plugins.
Preloading 0 native plugins for Editor in 0.00 ms.
Mono: successfully reloaded assembly
- Completed reload, in  0.807 seconds
Platform modules already initialized, skipping
Refreshing native plugins compatible for Editor in 0.51 ms, found 1 plugins.
Preloading 0 native plugins for Editor in 0.00 ms.
Unloading 3068 Unused Serialized files (Serialized files now loaded: 0)
System memory in use before: 138.4 MB.
System memory in use after: 138.6 MB.

Unloading 13 unused Assets to reduce memory usage. Loaded Objects now: 3562.
Total: 2.668200 ms (FindLiveObjects: 0.283700 ms CreateObjectMapping: 0.192300 ms MarkObjects: 2.127200 ms  DeleteObjects: 0.064000 ms)

========================================================================
Received Import Request.
  Time since last request: 124.224600 seconds.
  path: Assets/Elizabeth Warren caricature/animation/Elizabeth Warren animation.fbx
  artifactKey: Guid(57f20341b832af54687c15e02f01e0d5) Importer(815301076,1909f56bfc062723c751e8b465ee728b)
Start importing Assets/Elizabeth Warren caricature/animation/Elizabeth Warren animation.fbx using Guid(57f20341b832af54687c15e02f01e0d5) Importer(815301076,1909f56bfc062723c751e8b465ee728b)  -> (artifact id: '426d54e21734106a481dcc3494260c43') in 0.183900 seconds 
========================================================================
Received Import Request.
  Time since last request: 12.258274 seconds.
  path: Assets/Elizabeth Warren caricature/Materials/Elizabeth Warren color.png
  artifactKey: Guid(4e8983245b3da9e4e84eb4d7635de30c) Importer(815301076,1909f56bfc062723c751e8b465ee728b)
Start importing Assets/Elizabeth Warren caricature/Materials/Elizabeth Warren color.png using Guid(4e8983245b3da9e4e84eb4d7635de30c) Importer(815301076,1909f56bfc062723c751e8b465ee728b)  -> (artifact id: '42cc90908c4414d631132e7e06a26574') in 0.024548 seconds 
========================================================================
Received Import Request.
  Time since last request: 0.000147 seconds.
  path: Assets/Elizabeth Warren caricature/Materials/phong1.mat
  artifactKey: Guid(3729d42d4ea511f4390b11955f9ff629) Importer(815301076,1909f56bfc062723c751e8b465ee728b)
Start importing Assets/Elizabeth Warren caricature/Materials/phong1.mat using Guid(3729d42d4ea511f4390b11955f9ff629) Importer(815301076,1909f56bfc062723c751e8b465ee728b)  -> (artifact id: '71f74013a37c96694b4e5406bf03b205') in 0.030355 seconds 
========================================================================
Received Import Request.
  Time since last request: 0.000113 seconds.
  path: Assets/Elizabeth Warren caricature/Materials/Elizabeth Warren normal.png
  artifactKey: Guid(e96908c0f4923a44cb12531538c376b1) Importer(815301076,1909f56bfc062723c751e8b465ee728b)
Start importing Assets/Elizabeth Warren caricature/Materials/Elizabeth Warren normal.png using Guid(e96908c0f4923a44cb12531538c376b1) Importer(815301076,1909f56bfc062723c751e8b465ee728b)  -> (artifact id: '1256e29a337f0892181138dbf5389ae9') in 0.014059 seconds 
========================================================================
Received Import Request.
  Time since last request: 0.000159 seconds.
  path: Assets/Elizabeth Warren caricature/Materials/Elizabeth Warren spec.png
  artifactKey: Guid(d70ffdffa49d727478b80d4ab551dbbe) Importer(815301076,1909f56bfc062723c751e8b465ee728b)
Start importing Assets/Elizabeth Warren caricature/Materials/Elizabeth Warren spec.png using Guid(d70ffdffa49d727478b80d4ab551dbbe) Importer(815301076,1909f56bfc062723c751e8b465ee728b)  -> (artifact id: '948dfd172b0177deb48f3c76c53a0c44') in 0.010731 seconds 
========================================================================
Received Import Request.
  Time since last request: 10.340101 seconds.
  path: Assets/Kevin Iglesias/Basic Motions/AnimationControllers/BasicMotions@Idle.controller
  artifactKey: Guid(a8555c0cff30527479e32562cef9141f) Importer(815301076,1909f56bfc062723c751e8b465ee728b)
Start importing Assets/Kevin Iglesias/Basic Motions/AnimationControllers/BasicMotions@Idle.controller using Guid(a8555c0cff30527479e32562cef9141f) Importer(815301076,1909f56bfc062723c751e8b465ee728b)  -> (artifact id: 'c8d2bf9e014ecd15a0bd8b03e30928d9') in 0.010040 seconds 
========================================================================
Received Import Request.
  Time since last request: 47.013300 seconds.
  path: Assets/Kevin Iglesias/Basic Motions/Animations/Movement/BasicMotions@Jump01.fbx
  artifactKey: Guid(067cc188e25b78b4a940a9fa67cd6ee7) Importer(815301076,1909f56bfc062723c751e8b465ee728b)
Start importing Assets/Kevin Iglesias/Basic Motions/Animations/Movement/BasicMotions@Jump01.fbx using Guid(067cc188e25b78b4a940a9fa67cd6ee7) Importer(815301076,1909f56bfc062723c751e8b465ee728b)  -> (artifact id: '453e83cc3a408a6d628c8eaa529fde69') in 0.009547 seconds 
========================================================================
Received Import Request.
  Time since last request: 0.000145 seconds.
  path: Assets/Kevin Iglesias/Basic Motions/Animations/Movement/BasicMotions@Walk01 [RM].fbx
  artifactKey: Guid(bd1c2e9064da28e4fb0fe4a3f6ff4e33) Importer(815301076,1909f56bfc062723c751e8b465ee728b)
Start importing Assets/Kevin Iglesias/Basic Motions/Animations/Movement/BasicMotions@Walk01 [RM].fbx using Guid(bd1c2e9064da28e4fb0fe4a3f6ff4e33) Importer(815301076,1909f56bfc062723c751e8b465ee728b)  -> (artifact id: '592a9e389db6f94259b21622e4f3112b') in 0.012038 seconds 
========================================================================
Received Import Request.
  Time since last request: 0.000155 seconds.
  path: Assets/Kevin Iglesias/Basic Motions/Animations/Movement/BasicMotions@Walk01.fbx
  artifactKey: Guid(0536f044bd409ff419dd726bc69d2676) Importer(815301076,1909f56bfc062723c751e8b465ee728b)
Start importing Assets/Kevin Iglesias/Basic Motions/Animations/Movement/BasicMotions@Walk01.fbx using Guid(0536f044bd409ff419dd726bc69d2676) Importer(815301076,1909f56bfc062723c751e8b465ee728b)  -> (artifact id: '295f0990ad625b9ca018bdaf6d8edaac') in 0.011186 seconds 
========================================================================
Received Import Request.
  Time since last request: 0.000161 seconds.
  path: Assets/Kevin Iglesias/Basic Motions/Animations/Movement/BasicMotions@Run01 [RM].fbx
  artifactKey: Guid(154a724602422044c91070a5f3c67c11) Importer(815301076,1909f56bfc062723c751e8b465ee728b)
Start importing Assets/Kevin Iglesias/Basic Motions/Animations/Movement/BasicMotions@Run01 [RM].fbx using Guid(154a724602422044c91070a5f3c67c11) Importer(815301076,1909f56bfc062723c751e8b465ee728b)  -> (artifact id: '627330c0ba20a7892b536d087e398655') in 0.011082 seconds 
========================================================================
Received Import Request.
  Time since last request: 0.000124 seconds.
  path: Assets/Kevin Iglesias/Basic Motions/Animations/Movement/BasicMotions@Sprint01 [RM].fbx
  artifactKey: Guid(7eebd174ff53112419b27f9d903573d7) Importer(815301076,1909f56bfc062723c751e8b465ee728b)
Start importing Assets/Kevin Iglesias/Basic Motions/Animations/Movement/BasicMotions@Sprint01 [RM].fbx using Guid(7eebd174ff53112419b27f9d903573d7) Importer(815301076,1909f56bfc062723c751e8b465ee728b)  -> (artifact id: 'c719c5fda598e332fa6373f9a62c7554') in 0.009761 seconds 
========================================================================
Received Import Request.
  Time since last request: 0.000154 seconds.
  path: Assets/Kevin Iglesias/Basic Motions/Animations/Movement/BasicMotions@Sprint01.fbx
  artifactKey: Guid(98d8219075968bd43b75fdba6b4463d3) Importer(815301076,1909f56bfc062723c751e8b465ee728b)
Start importing Assets/Kevin Iglesias/Basic Motions/Animations/Movement/BasicMotions@Sprint01.fbx using Guid(98d8219075968bd43b75fdba6b4463d3) Importer(815301076,1909f56bfc062723c751e8b465ee728b)  -> (artifact id: 'a97f3b531509d85a7625678025696dda') in 0.009798 seconds 
========================================================================
Received Import Request.
  Time since last request: 0.000134 seconds.
  path: Assets/Kevin Iglesias/Basic Motions/Animations/Movement/BasicMotions@Run01.fbx
  artifactKey: Guid(46d5b47e60163f148ada32ff97c7aa32) Importer(815301076,1909f56bfc062723c751e8b465ee728b)
Start importing Assets/Kevin Iglesias/Basic Motions/Animations/Movement/BasicMotions@Run01.fbx using Guid(46d5b47e60163f148ada32ff97c7aa32) Importer(815301076,1909f56bfc062723c751e8b465ee728b)  -> (artifact id: '2d68b238ccfd985d2953e9ed876314cb') in 0.010675 seconds 
========================================================================
Received Import Request.
  Time since last request: 1.516563 seconds.
  path: Assets/Kevin Iglesias/Basic Motions/Materials/BasicMotionsFloor.mat
  artifactKey: Guid(02490f38574ec9541a91585b214de9f6) Importer(815301076,1909f56bfc062723c751e8b465ee728b)
Start importing Assets/Kevin Iglesias/Basic Motions/Materials/BasicMotionsFloor.mat using Guid(02490f38574ec9541a91585b214de9f6) Importer(815301076,1909f56bfc062723c751e8b465ee728b)  -> (artifact id: '190333b16238bfaa1fe9e1031cd434cb') in 0.008730 seconds 
========================================================================
Received Import Request.
  Time since last request: 0.000140 seconds.
  path: Assets/Kevin Iglesias/Basic Motions/Materials/BasicMotionsMaterial.mat
  artifactKey: Guid(ccc50d631d14df84a982c4f4acd00013) Importer(815301076,1909f56bfc062723c751e8b465ee728b)
Start importing Assets/Kevin Iglesias/Basic Motions/Materials/BasicMotionsMaterial.mat using Guid(ccc50d631d14df84a982c4f4acd00013) Importer(815301076,1909f56bfc062723c751e8b465ee728b)  -> (artifact id: '874d0523420dfef274515930387bdd83') in 0.110647 seconds 
========================================================================
Received Import Request.
  Time since last request: 0.684312 seconds.
  path: Assets/Kevin Iglesias/Basic Motions/Models/BasicMotionsDummyModel.fbx
  artifactKey: Guid(5917c0e93d180a842b61d1ebc62a195c) Importer(815301076,1909f56bfc062723c751e8b465ee728b)
Start importing Assets/Kevin Iglesias/Basic Motions/Models/BasicMotionsDummyModel.fbx using Guid(5917c0e93d180a842b61d1ebc62a195c) Importer(815301076,1909f56bfc062723c751e8b465ee728b)  -> (artifact id: '51753d1a11a006c0d367d096382d086b') in 0.018563 seconds 
========================================================================
Received Import Request.
  Time since last request: 1.306909 seconds.
  path: Assets/Kevin Iglesias/Basic Motions/Prefabs/BasicMotionsDummy.prefab
  artifactKey: Guid(d6d06c887a1aae94f8c6e8cc2c0c557b) Importer(815301076,1909f56bfc062723c751e8b465ee728b)
Start importing Assets/Kevin Iglesias/Basic Motions/Prefabs/BasicMotionsDummy.prefab using Guid(d6d06c887a1aae94f8c6e8cc2c0c557b) Importer(815301076,1909f56bfc062723c751e8b465ee728b)  -> (artifact id: '1ddaf4cb652e63e524bf49cc89e50be0') in 0.014337 seconds 
========================================================================
Received Import Request.
  Time since last request: 0.989360 seconds.
  path: Assets/Kevin Iglesias/Basic Motions/Textures/BasicMotionsTexture.png
  artifactKey: Guid(fad9765a35536374695ea4ff22aca373) Importer(815301076,1909f56bfc062723c751e8b465ee728b)
Start importing Assets/Kevin Iglesias/Basic Motions/Textures/BasicMotionsTexture.png using Guid(fad9765a35536374695ea4ff22aca373) Importer(815301076,1909f56bfc062723c751e8b465ee728b)  -> (artifact id: 'eb845711a754c514f23d114826a5d859') in 0.009468 seconds 
========================================================================
Received Prepare
Registering precompiled user dll's ...
Registered in 0.002684 seconds.
Begin MonoManager ReloadAssembly
Native extension for WindowsStandalone target not found
Refreshing native plugins compatible for Editor in 0.53 ms, found 1 plugins.
Preloading 0 native plugins for Editor in 0.00 ms.
Mono: successfully reloaded assembly
- Completed reload, in  0.784 seconds
Platform modules already initialized, skipping
Refreshing native plugins compatible for Editor in 0.50 ms, found 1 plugins.
Preloading 0 native plugins for Editor in 0.00 ms.
Unloading 3072 Unused Serialized files (Serialized files now loaded: 0)
System memory in use before: 154.3 MB.
System memory in use after: 154.4 MB.

Unloading 14 unused Assets to reduce memory usage. Loaded Objects now: 3663.
Total: 2.182100 ms (FindLiveObjects: 0.234700 ms CreateObjectMapping: 0.135200 ms MarkObjects: 1.747000 ms  DeleteObjects: 0.064400 ms)

========================================================================
Received Import Request.
  Time since last request: 115.001644 seconds.
  path: Assets/Kevin Iglesias/Basic Motions/AnimationControllers/BasicMotions@Run.controller
  artifactKey: Guid(eb79e3fd0dd669f40a90a984b92a0ccf) Importer(815301076,1909f56bfc062723c751e8b465ee728b)
Start importing Assets/Kevin Iglesias/Basic Motions/AnimationControllers/BasicMotions@Run.controller using Guid(eb79e3fd0dd669f40a90a984b92a0ccf) Importer(815301076,1909f56bfc062723c751e8b465ee728b)  -> (artifact id: 'a1d9a5816ee65073d16e775e38364dde') in 0.017742 seconds 
========================================================================
Received Import Request.
  Time since last request: 53.875358 seconds.
  path: Assets/Kevin Iglesias/Basic Motions/AnimationControllers/BasicMotions@Jump.controller
  artifactKey: Guid(54ff599963ec97843ad4d4ddeeb61810) Importer(815301076,1909f56bfc062723c751e8b465ee728b)
Start importing Assets/Kevin Iglesias/Basic Motions/AnimationControllers/BasicMotions@Jump.controller using Guid(54ff599963ec97843ad4d4ddeeb61810) Importer(815301076,1909f56bfc062723c751e8b465ee728b)  -> (artifact id: '9becf570860891508ec0cb015f73435f') in 0.007410 seconds 
========================================================================
Received Prepare
Registering precompiled user dll's ...
Registered in 0.002746 seconds.
Begin MonoManager ReloadAssembly
Native extension for WindowsStandalone target not found
Refreshing native plugins compatible for Editor in 0.50 ms, found 1 plugins.
Preloading 0 native plugins for Editor in 0.00 ms.
Mono: successfully reloaded assembly
- Completed reload, in  0.764 seconds
Platform modules already initialized, skipping
Refreshing native plugins compatible for Editor in 0.51 ms, found 1 plugins.
Preloading 0 native plugins for Editor in 0.00 ms.
Unloading 3068 Unused Serialized files (Serialized files now loaded: 0)
System memory in use before: 154.1 MB.
System memory in use after: 154.3 MB.

Unloading 13 unused Assets to reduce memory usage. Loaded Objects now: 3666.
Total: 2.285800 ms (FindLiveObjects: 0.263600 ms CreateObjectMapping: 0.169800 ms MarkObjects: 1.793700 ms  DeleteObjects: 0.058000 ms)

========================================================================
Received Import Request.
  Time since last request: 60.996501 seconds.
  path: Assets/Elizabeth Warren caricature/Prefab/Elizabeth Warren prefab.prefab
  artifactKey: Guid(b5bf67069f5950943afac56320c54b69) Importer(815301076,1909f56bfc062723c751e8b465ee728b)
Start importing Assets/Elizabeth Warren caricature/Prefab/Elizabeth Warren prefab.prefab using Guid(b5bf67069f5950943afac56320c54b69) Importer(815301076,1909f56bfc062723c751e8b465ee728b)  -> (artifact id: '03df099135b9f55085044f08e5e4e56a') in 0.054855 seconds 
========================================================================
Received Prepare
Registering precompiled user dll's ...
Registered in 0.002664 seconds.
Begin MonoManager ReloadAssembly
Native extension for WindowsStandalone target not found
Refreshing native plugins compatible for Editor in 0.50 ms, found 1 plugins.
Preloading 0 native plugins for Editor in 0.00 ms.
Mono: successfully reloaded assembly
- Completed reload, in  0.791 seconds
Platform modules already initialized, skipping
Refreshing native plugins compatible for Editor in 0.50 ms, found 1 plugins.
Preloading 0 native plugins for Editor in 0.00 ms.
Unloading 3068 Unused Serialized files (Serialized files now loaded: 0)
System memory in use before: 154.2 MB.
System memory in use after: 154.3 MB.

Unloading 13 unused Assets to reduce memory usage. Loaded Objects now: 3670.
Total: 2.148600 ms (FindLiveObjects: 0.237900 ms CreateObjectMapping: 0.132600 ms MarkObjects: 1.704100 ms  DeleteObjects: 0.073300 ms)

========================================================================
Received Import Request.
  Time since last request: 235.649652 seconds.
  path: Assets/Kevin Iglesias/Basic Motions/Animations/Idles/BasicMotions@Idle02.fbx
  artifactKey: Guid(69d59c13a83a7c74a8cc0607ded391ec) Importer(815301076,1909f56bfc062723c751e8b465ee728b)
Start importing Assets/Kevin Iglesias/Basic Motions/Animations/Idles/BasicMotions@Idle02.fbx using Guid(69d59c13a83a7c74a8cc0607ded391ec) Importer(815301076,1909f56bfc062723c751e8b465ee728b)  -> (artifact id: '1b383db62ee5881570f1de4d0259e318') in 0.025626 seconds 
========================================================================
Received Prepare
Registering precompiled user dll's ...
Registered in 0.002795 seconds.
Begin MonoManager ReloadAssembly
Native extension for WindowsStandalone target not found
Refreshing native plugins compatible for Editor in 0.52 ms, found 1 plugins.
Preloading 0 native plugins for Editor in 0.00 ms.
Mono: successfully reloaded assembly
- Completed reload, in  0.816 seconds
Platform modules already initialized, skipping
Refreshing native plugins compatible for Editor in 0.55 ms, found 1 plugins.
Preloading 0 native plugins for Editor in 0.00 ms.
Unloading 3068 Unused Serialized files (Serialized files now loaded: 0)
System memory in use before: 154.2 MB.
System memory in use after: 154.3 MB.

Unloading 13 unused Assets to reduce memory usage. Loaded Objects now: 3673.
Total: 2.401600 ms (FindLiveObjects: 0.245100 ms CreateObjectMapping: 0.132300 ms MarkObjects: 1.962000 ms  DeleteObjects: 0.061200 ms)

========================================================================
Received Prepare
Registering precompiled user dll's ...
Registered in 0.002572 seconds.
Begin MonoManager ReloadAssembly
Native extension for WindowsStandalone target not found
Refreshing native plugins compatible for Editor in 0.51 ms, found 1 plugins.
Preloading 0 native plugins for Editor in 0.00 ms.
Mono: successfully reloaded assembly
- Completed reload, in  0.806 seconds
Platform modules already initialized, skipping
Refreshing native plugins compatible for Editor in 0.58 ms, found 1 plugins.
Preloading 0 native plugins for Editor in 0.00 ms.
Unloading 3068 Unused Serialized files (Serialized files now loaded: 0)
System memory in use before: 154.2 MB.
System memory in use after: 154.3 MB.

Unloading 13 unused Assets to reduce memory usage. Loaded Objects now: 3676.
Total: 2.425600 ms (FindLiveObjects: 0.278900 ms CreateObjectMapping: 0.170900 ms MarkObjects: 1.898200 ms  DeleteObjects: 0.077000 ms)

========================================================================
Received Import Request.
  Time since last request: 1138.302274 seconds.
  path: Assets/Kevin Iglesias/Basic Motions/AnimationControllers/BasicMotions@Idle.controller
  artifactKey: Guid(a8555c0cff30527479e32562cef9141f) Importer(815301076,1909f56bfc062723c751e8b465ee728b)
Start importing Assets/Kevin Iglesias/Basic Motions/AnimationControllers/BasicMotions@Idle.controller using Guid(a8555c0cff30527479e32562cef9141f) Importer(815301076,1909f56bfc062723c751e8b465ee728b)  -> (artifact id: '8f1b450d33de5ee5051902811ce0c406') in 0.015185 seconds 
========================================================================
Received Prepare
Registering precompiled user dll's ...
Registered in 0.002691 seconds.
Begin MonoManager ReloadAssembly
Native extension for WindowsStandalone target not found
Refreshing native plugins compatible for Editor in 0.51 ms, found 1 plugins.
Preloading 0 native plugins for Editor in 0.00 ms.
Mono: successfully reloaded assembly
- Completed reload, in  0.785 seconds
Platform modules already initialized, skipping
Refreshing native plugins compatible for Editor in 0.53 ms, found 1 plugins.
Preloading 0 native plugins for Editor in 0.00 ms.
Unloading 3068 Unused Serialized files (Serialized files now loaded: 0)
System memory in use before: 154.2 MB.
System memory in use after: 154.4 MB.

Unloading 13 unused Assets to reduce memory usage. Loaded Objects now: 3679.
Total: 2.149600 ms (FindLiveObjects: 0.234900 ms CreateObjectMapping: 0.139600 ms MarkObjects: 1.713700 ms  DeleteObjects: 0.060700 ms)

========================================================================
Received Prepare
Registering precompiled user dll's ...
Registered in 0.002591 seconds.
Begin MonoManager ReloadAssembly
Native extension for WindowsStandalone target not found
Refreshing native plugins compatible for Editor in 0.51 ms, found 1 plugins.
Preloading 0 native plugins for Editor in 0.00 ms.
Mono: successfully reloaded assembly
- Completed reload, in  0.777 seconds
Platform modules already initialized, skipping
Refreshing native plugins compatible for Editor in 0.53 ms, found 1 plugins.
Preloading 0 native plugins for Editor in 0.00 ms.
Unloading 3068 Unused Serialized files (Serialized files now loaded: 0)
System memory in use before: 154.2 MB.
System memory in use after: 154.4 MB.

Unloading 13 unused Assets to reduce memory usage. Loaded Objects now: 3682.
Total: 2.406400 ms (FindLiveObjects: 0.249200 ms CreateObjectMapping: 0.137100 ms MarkObjects: 1.957600 ms  DeleteObjects: 0.061700 ms)

AssetImportWorkerClient::OnTransportError - code=2 error=End of file
